{
  "RSpec": {
    "coverage": {
      "/home/vish/Documents/sites/phi_vault_api/lib/middleware/rate_limiter.rb": {
        "lines": [
          null,
          1,
          1,
          null,
          null,
          1,
          null,
          null,
          null,
          1,
          26,
          26,
          null,
          null,
          1,
          26,
          25,
          null,
          25,
          25,
          25,
          null,
          25,
          25,
          null,
          25,
          null,
          22,
          8,
          null,
          null,
          null,
          14,
          14,
          14,
          null,
          null,
          null,
          14,
          null,
          14,
          14,
          14,
          null,
          14,
          null,
          null,
          3,
          3,
          null,
          null,
          1,
          null,
          1,
          null,
          25,
          null,
          25,
          2,
          2,
          null,
          null,
          24,
          null,
          null,
          1,
          8,
          null,
          null,
          null,
          null,
          null,
          8,
          null,
          null,
          null,
          null,
          null,
          null,
          null,
          null,
          null,
          null,
          null
        ]
      },
      "/home/vish/Documents/sites/phi_vault_api/app/controllers/api/v1/auth_controller.rb": {
        "lines": [
          1,
          1,
          1,
          17,
          17,
          5,
          5,
          null,
          12,
          null,
          null,
          null
        ]
      },
      "/home/vish/Documents/sites/phi_vault_api/app/controllers/application_controller.rb": {
        "lines": [
          1,
          1,
          1,
          1,
          null,
          1,
          null,
          null,
          1,
          1,
          1,
          null,
          1,
          1,
          26,
          null,
          null,
          1,
          257,
          257,
          null,
          257,
          213,
          213,
          null,
          44,
          null,
          null,
          null,
          null,
          1,
          260,
          260,
          null,
          null,
          null,
          1,
          46,
          null,
          null,
          1,
          2,
          null,
          null,
          1,
          15,
          null,
          null,
          1,
          2,
          null,
          null,
          1,
          2,
          null,
          null
        ]
      },
      "/home/vish/Documents/sites/phi_vault_api/app/controllers/api/v1/consents_controller.rb": {
        "lines": [
          null,
          1,
          1,
          null,
          1,
          26,
          null,
          null,
          null,
          26,
          26,
          null,
          24,
          14,
          null,
          10,
          null,
          null,
          null,
          1,
          22,
          null,
          21,
          21,
          21,
          21,
          21,
          null,
          21,
          62,
          null,
          null,
          null,
          null,
          null,
          null,
          null,
          1,
          13,
          10,
          null,
          null,
          1,
          11,
          null,
          9,
          6,
          null,
          3,
          null,
          null,
          null,
          1,
          10,
          7,
          7,
          null,
          null,
          1,
          null,
          1,
          41,
          null,
          null,
          1,
          87,
          null,
          null,
          1,
          null,
          92,
          null,
          null,
          null,
          null,
          null,
          null,
          null,
          null
        ]
      },
      "/home/vish/Documents/sites/phi_vault_api/app/controllers/api/v1/patients_controller.rb": {
        "lines": [
          1,
          1,
          null,
          1,
          21,
          21,
          null,
          18,
          10,
          null,
          8,
          null,
          null,
          null,
          1,
          18,
          16,
          16,
          16,
          16,
          null,
          16,
          null,
          null,
          null,
          null,
          null,
          null,
          null,
          null,
          1,
          10,
          10,
          null,
          null,
          1,
          null,
          1,
          13,
          null,
          null,
          1,
          21,
          null,
          null
        ]
      },
      "/home/vish/Documents/sites/phi_vault_api/app/controllers/api/v1/phi_records_controller.rb": {
        "lines": [
          null,
          1,
          1,
          null,
          1,
          21,
          null,
          18,
          null,
          null,
          18,
          18,
          null,
          14,
          null,
          null,
          null,
          null,
          null,
          null,
          14,
          null,
          14,
          10,
          10,
          null,
          4,
          null,
          null,
          null,
          1,
          17,
          null,
          15,
          15,
          15,
          15,
          null,
          15,
          43,
          null,
          null,
          null,
          null,
          null,
          null,
          null,
          1,
          17,
          null,
          14,
          null,
          null,
          null,
          null,
          null,
          null,
          null,
          null,
          null,
          null,
          1,
          null,
          1,
          20,
          null,
          null,
          1,
          null,
          53,
          null,
          null,
          null,
          null,
          null,
          null,
          null,
          null,
          null
        ]
      },
      "/home/vish/Documents/sites/phi_vault_api/app/jobs/process_phi_job.rb": {
        "lines": [
          1,
          1,
          null,
          1,
          null,
          1,
          17,
          null,
          14,
          14,
          null,
          11,
          null,
          null,
          9,
          null,
          9,
          null,
          7,
          4,
          null,
          null
        ]
      },
      "/home/vish/Documents/sites/phi_vault_api/app/jobs/application_job.rb": {
        "lines": [
          1,
          null,
          null,
          null,
          null,
          null,
          null
        ]
      },
      "/home/vish/Documents/sites/phi_vault_api/app/mailers/patient_mailer.rb": {
        "lines": [
          null,
          1,
          1,
          13,
          13,
          null,
          null,
          null,
          null,
          null
        ]
      },
      "/home/vish/Documents/sites/phi_vault_api/app/mailers/application_mailer.rb": {
        "lines": [
          1,
          1,
          1,
          null
        ]
      },
      "/home/vish/Documents/sites/phi_vault_api/app/models/audit_log.rb": {
        "lines": [
          1,
          null
        ]
      },
      "/home/vish/Documents/sites/phi_vault_api/app/models/application_record.rb": {
        "lines": [
          1,
          1,
          null
        ]
      },
      "/home/vish/Documents/sites/phi_vault_api/app/models/consent.rb": {
        "lines": [
          null,
          1,
          1,
          null,
          1,
          1,
          1,
          1,
          null
        ]
      },
      "/home/vish/Documents/sites/phi_vault_api/app/models/patient.rb": {
        "lines": [
          null,
          1,
          1,
          1,
          null,
          1,
          null,
          1,
          1,
          1,
          1,
          null,
          null,
          null,
          null,
          1,
          1,
          null,
          1,
          397,
          397,
          null,
          null
        ]
      },
      "/home/vish/Documents/sites/phi_vault_api/app/models/phi_record.rb": {
        "lines": [
          null,
          1,
          1,
          1,
          null,
          null,
          1,
          null,
          null,
          1,
          1,
          1,
          1,
          null,
          null,
          7,
          6,
          null,
          null,
          1,
          20,
          null,
          1,
          null,
          null,
          1,
          16,
          null,
          null,
          null,
          1,
          18,
          null,
          18,
          null,
          5,
          5,
          null,
          1,
          1,
          1,
          null,
          null,
          18,
          null,
          null
        ]
      },
      "/home/vish/Documents/sites/phi_vault_api/app/models/user.rb": {
        "lines": [
          null,
          1,
          1,
          null,
          1,
          null,
          1,
          null,
          1,
          null,
          null,
          null,
          1,
          null
        ]
      },
      "/home/vish/Documents/sites/phi_vault_api/app/policies/authorization.rb": {
        "lines": [
          null,
          1,
          1,
          16,
          null,
          null
        ]
      },
      "/home/vish/Documents/sites/phi_vault_api/app/policies/patient_policy.rb": {
        "lines": [
          null,
          1,
          1,
          21,
          null,
          null,
          1,
          24,
          null,
          null,
          1,
          13,
          null,
          null
        ]
      },
      "/home/vish/Documents/sites/phi_vault_api/app/policies/application_policy.rb": {
        "lines": [
          null,
          1,
          1,
          null,
          1,
          195,
          195,
          null,
          null,
          1,
          1,
          1,
          1,
          1,
          null
        ]
      },
      "/home/vish/Documents/sites/phi_vault_api/app/services/encryption_service.rb": {
        "lines": [
          null,
          1,
          1,
          null,
          1,
          17,
          null,
          null,
          1,
          10,
          null,
          null,
          1,
          30,
          null,
          null
        ]
      },
      "/home/vish/Documents/sites/phi_vault_api/app/services/idempotency_service.rb": {
        "lines": [
          null,
          1,
          1,
          14,
          14,
          null,
          9,
          null,
          null
        ]
      },
      "/home/vish/Documents/sites/phi_vault_api/app/services/jwt_service.rb": {
        "lines": [
          1,
          1,
          null,
          1,
          204,
          204,
          null,
          null,
          1,
          239,
          225,
          null,
          26,
          null,
          null
        ]
      },
      "/home/vish/Documents/sites/phi_vault_api/app/policies/consent_policy.rb": {
        "lines": [
          null,
          1,
          null,
          1,
          22,
          null,
          null,
          1,
          26,
          null,
          null,
          1,
          13,
          null,
          5,
          null,
          null,
          1,
          11,
          null,
          null,
          1,
          10,
          null,
          null
        ]
      },
      "/home/vish/Documents/sites/phi_vault_api/app/policies/phi_record_policy.rb": {
        "lines": [
          null,
          1,
          1,
          17,
          null,
          null,
          1,
          21,
          null,
          null,
          1,
          17,
          null,
          null,
          7,
          null,
          null,
          null,
          null,
          null,
          null
        ]
      }
    },
    "timestamp": 1775386308
  }
}
